<?xml version="1.0" encoding="UTF-8"?>
<testsuite name="com.security.security.SecurityApplicationTests" tests="6" skipped="0" failures="0" errors="0" timestamp="2022-07-14T12:39:12" hostname="macui-MacBookPro.local" time="0.263">
  <properties/>
  <testcase name="1. 회원가입 성공" classname="com.security.security.SecurityApplicationTests" time="0.21"/>
  <testcase name="2. 회원가입 성공2" classname="com.security.security.SecurityApplicationTests" time="0.008"/>
  <testcase name="3. 회원가입 실패 - 아이디 한글 포함" classname="com.security.security.SecurityApplicationTests" time="0.015"/>
  <testcase name="4. 회원가입 실패 - 비밀번호 같은 값 포함" classname="com.security.security.SecurityApplicationTests" time="0.007"/>
  <testcase name="5. 회원가입 실패 - 동일 아이디 존재" classname="com.security.security.SecurityApplicationTests" time="0.005"/>
  <testcase name="6. 회원가입 실패 - 이미 존재하는 아이디" classname="com.security.security.SecurityApplicationTests" time="0.006"/>
  <system-out><![CDATA[21:39:03.067 [Test worker] DEBUG org.springframework.test.context.BootstrapUtils - Instantiating CacheAwareContextLoaderDelegate from class [org.springframework.test.context.cache.DefaultCacheAwareContextLoaderDelegate]
21:39:03.080 [Test worker] DEBUG org.springframework.test.context.BootstrapUtils - Instantiating BootstrapContext using constructor [public org.springframework.test.context.support.DefaultBootstrapContext(java.lang.Class,org.springframework.test.context.CacheAwareContextLoaderDelegate)]
21:39:03.123 [Test worker] DEBUG org.springframework.test.context.BootstrapUtils - Instantiating TestContextBootstrapper for test class [com.security.security.SecurityApplicationTests] from class [org.springframework.boot.test.context.SpringBootTestContextBootstrapper]
21:39:03.135 [Test worker] INFO org.springframework.boot.test.context.SpringBootTestContextBootstrapper - Neither @ContextConfiguration nor @ContextHierarchy found for test class [com.security.security.SecurityApplicationTests], using SpringBootContextLoader
21:39:03.138 [Test worker] DEBUG org.springframework.test.context.support.AbstractContextLoader - Did not detect default resource location for test class [com.security.security.SecurityApplicationTests]: class path resource [com/security/security/SecurityApplicationTests-context.xml] does not exist
21:39:03.139 [Test worker] DEBUG org.springframework.test.context.support.AbstractContextLoader - Did not detect default resource location for test class [com.security.security.SecurityApplicationTests]: class path resource [com/security/security/SecurityApplicationTestsContext.groovy] does not exist
21:39:03.139 [Test worker] INFO org.springframework.test.context.support.AbstractContextLoader - Could not detect default resource locations for test class [com.security.security.SecurityApplicationTests]: no resource found for suffixes {-context.xml, Context.groovy}.
21:39:03.140 [Test worker] INFO org.springframework.test.context.support.AnnotationConfigContextLoaderUtils - Could not detect default configuration classes for test class [com.security.security.SecurityApplicationTests]: SecurityApplicationTests does not declare any static, non-private, non-final, nested classes annotated with @Configuration.
21:39:03.215 [Test worker] DEBUG org.springframework.test.context.support.ActiveProfilesUtils - Could not find an 'annotation declaring class' for annotation type [org.springframework.test.context.ActiveProfiles] and class [com.security.security.SecurityApplicationTests]
21:39:03.273 [Test worker] DEBUG org.springframework.context.annotation.ClassPathScanningCandidateComponentProvider - Identified candidate component class: file [/Users/mac/Documents/security/build/classes/java/main/com/security/security/SecurityApplication.class]
21:39:03.274 [Test worker] INFO org.springframework.boot.test.context.SpringBootTestContextBootstrapper - Found @SpringBootConfiguration com.security.security.SecurityApplication for test class com.security.security.SecurityApplicationTests
21:39:03.367 [Test worker] DEBUG org.springframework.boot.test.context.SpringBootTestContextBootstrapper - @TestExecutionListeners is not present for class [com.security.security.SecurityApplicationTests]: using defaults.
21:39:03.367 [Test worker] INFO org.springframework.boot.test.context.SpringBootTestContextBootstrapper - Loaded default TestExecutionListener class names from location [META-INF/spring.factories]: [org.springframework.security.test.context.support.WithSecurityContextTestExecutionListener, org.springframework.security.test.context.support.ReactorContextTestExecutionListener, org.springframework.boot.test.autoconfigure.restdocs.RestDocsTestExecutionListener, org.springframework.boot.test.autoconfigure.web.client.MockRestServiceServerResetTestExecutionListener, org.springframework.boot.test.autoconfigure.web.servlet.MockMvcPrintOnlyOnFailureTestExecutionListener, org.springframework.boot.test.autoconfigure.web.servlet.WebDriverTestExecutionListener, org.springframework.boot.test.autoconfigure.webservices.client.MockWebServiceServerTestExecutionListener, org.springframework.boot.test.mock.mockito.MockitoTestExecutionListener, org.springframework.boot.test.mock.mockito.ResetMocksTestExecutionListener, org.springframework.test.context.web.ServletTestExecutionListener, org.springframework.test.context.support.DirtiesContextBeforeModesTestExecutionListener, org.springframework.test.context.event.ApplicationEventsTestExecutionListener, org.springframework.test.context.support.DependencyInjectionTestExecutionListener, org.springframework.test.context.support.DirtiesContextTestExecutionListener, org.springframework.test.context.transaction.TransactionalTestExecutionListener, org.springframework.test.context.jdbc.SqlScriptsTestExecutionListener, org.springframework.test.context.event.EventPublishingTestExecutionListener]
21:39:03.383 [Test worker] INFO org.springframework.boot.test.context.SpringBootTestContextBootstrapper - Using TestExecutionListeners: [org.springframework.test.context.web.ServletTestExecutionListener@7674a051, org.springframework.test.context.support.DirtiesContextBeforeModesTestExecutionListener@3a7704c, org.springframework.test.context.event.ApplicationEventsTestExecutionListener@6754ef00, org.springframework.boot.test.mock.mockito.MockitoTestExecutionListener@619bd14c, org.springframework.boot.test.autoconfigure.SpringBootDependencyInjectionTestExecutionListener@323e8306, org.springframework.test.context.support.DirtiesContextTestExecutionListener@a23a01d, org.springframework.test.context.transaction.TransactionalTestExecutionListener@4acf72b6, org.springframework.test.context.jdbc.SqlScriptsTestExecutionListener@7561db12, org.springframework.security.test.context.support.WithSecurityContextTestExecutionListener@3301500b, org.springframework.test.context.event.EventPublishingTestExecutionListener@24b52d3e, org.springframework.security.test.context.support.ReactorContextTestExecutionListener@15deb1dc, org.springframework.boot.test.autoconfigure.restdocs.RestDocsTestExecutionListener@6e9c413e, org.springframework.boot.test.autoconfigure.web.client.MockRestServiceServerResetTestExecutionListener@57a4d5ee, org.springframework.boot.test.autoconfigure.web.servlet.MockMvcPrintOnlyOnFailureTestExecutionListener@5af5def9, org.springframework.boot.test.autoconfigure.web.servlet.WebDriverTestExecutionListener@3a45c42a, org.springframework.boot.test.autoconfigure.webservices.client.MockWebServiceServerTestExecutionListener@36dce7ed, org.springframework.boot.test.mock.mockito.ResetMocksTestExecutionListener@47a64f7d]
21:39:03.386 [Test worker] DEBUG org.springframework.test.context.support.AbstractDirtiesContextTestExecutionListener - Before test class: context [DefaultTestContext@13c612bd testClass = SecurityApplicationTests, testInstance = [null], testMethod = [null], testException = [null], mergedContextConfiguration = [WebMergedContextConfiguration@3ef41c66 testClass = SecurityApplicationTests, locations = '{}', classes = '{class com.security.security.SecurityApplication}', contextInitializerClasses = '[]', activeProfiles = '{}', propertySourceLocations = '{}', propertySourceProperties = '{org.springframework.boot.test.context.SpringBootTestContextBootstrapper=true}', contextCustomizers = set[org.springframework.boot.test.autoconfigure.actuate.metrics.MetricsExportContextCustomizerFactory$DisableMetricExportContextCustomizer@2cae1042, org.springframework.boot.test.autoconfigure.properties.PropertyMappingContextCustomizer@4b3fa0b3, org.springframework.boot.test.autoconfigure.web.servlet.WebDriverContextCustomizerFactory$Customizer@4c4d27c8, [ImportsContextCustomizer@6b739528 key = [org.springframework.boot.test.autoconfigure.web.servlet.MockMvcAutoConfiguration, org.springframework.boot.test.autoconfigure.web.servlet.MockMvcWebClientAutoConfiguration, org.springframework.boot.test.autoconfigure.web.servlet.MockMvcWebDriverAutoConfiguration, org.springframework.boot.autoconfigure.security.oauth2.client.servlet.OAuth2ClientAutoConfiguration, org.springframework.boot.autoconfigure.security.oauth2.resource.servlet.OAuth2ResourceServerAutoConfiguration, org.springframework.boot.autoconfigure.security.servlet.SecurityAutoConfiguration, org.springframework.boot.autoconfigure.security.servlet.SecurityFilterAutoConfiguration, org.springframework.boot.autoconfigure.security.servlet.UserDetailsServiceAutoConfiguration, org.springframework.boot.test.autoconfigure.web.servlet.MockMvcSecurityConfiguration, org.springframework.boot.test.autoconfigure.web.reactive.WebTestClientAutoConfiguration]], org.springframework.boot.test.context.filter.ExcludeFilterContextCustomizer@666b83a4, org.springframework.boot.test.json.DuplicateJsonObjectContextCustomizerFactory$DuplicateJsonObjectContextCustomizer@2b95e48b, org.springframework.boot.test.mock.mockito.MockitoContextCustomizer@6555d645, org.springframework.boot.test.web.client.TestRestTemplateContextCustomizer@650eab8, org.springframework.boot.test.context.SpringBootTestArgs@1, org.springframework.boot.test.context.SpringBootTestWebEnvironment@28194a50], resourceBasePath = 'src/main/webapp', contextLoader = 'org.springframework.boot.test.context.SpringBootContextLoader', parent = [null]], attributes = map['org.springframework.test.context.web.ServletTestExecutionListener.activateListener' -> true]], class annotated with @DirtiesContext [false] with mode [null].

  .   ____          _            __ _ _
 /\\ / ___'_ __ _ _(_)_ __  __ _ \ \ \ \
( ( )\___ | '_ | '_| | '_ \/ _` | \ \ \ \
 \\/  ___)| |_)| | | | | || (_| |  ) ) ) )
  '  |____| .__|_| |_|_| |_\__, | / / / /
 =========|_|==============|___/=/_/_/_/
 :: Spring Boot ::                (v2.7.1)

2022-07-14 21:39:08.717  INFO 47338 --- [    Test worker] c.s.security.SecurityApplicationTests    : Starting SecurityApplicationTests using Java 11.0.11 on macui-MacBookPro.local with PID 47338 (started by mac in /Users/mac/Documents/security)
2022-07-14 21:39:08.719  INFO 47338 --- [    Test worker] c.s.security.SecurityApplicationTests    : No active profile set, falling back to 1 default profile: "default"
2022-07-14 21:39:09.328  INFO 47338 --- [    Test worker] .s.d.r.c.RepositoryConfigurationDelegate : Bootstrapping Spring Data JPA repositories in DEFAULT mode.
2022-07-14 21:39:09.376  INFO 47338 --- [    Test worker] .s.d.r.c.RepositoryConfigurationDelegate : Finished Spring Data repository scanning in 41 ms. Found 4 JPA repository interfaces.
2022-07-14 21:39:10.397  INFO 47338 --- [    Test worker] o.hibernate.jpa.internal.util.LogHelper  : HHH000204: Processing PersistenceUnitInfo [name: default]
2022-07-14 21:39:10.442  INFO 47338 --- [    Test worker] org.hibernate.Version                    : HHH000412: Hibernate ORM core version 5.6.9.Final
2022-07-14 21:39:10.475  INFO 47338 --- [    Test worker] o.hibernate.annotations.common.Version   : HCANN000001: Hibernate Commons Annotations {5.1.2.Final}
2022-07-14 21:39:10.560  INFO 47338 --- [    Test worker] com.zaxxer.hikari.HikariDataSource       : HikariPool-1 - Starting...
2022-07-14 21:39:10.891  INFO 47338 --- [    Test worker] com.zaxxer.hikari.HikariDataSource       : HikariPool-1 - Start completed.
2022-07-14 21:39:10.904  INFO 47338 --- [    Test worker] org.hibernate.dialect.Dialect            : HHH000400: Using dialect: org.hibernate.dialect.MySQL57Dialect
2022-07-14 21:39:11.494  INFO 47338 --- [    Test worker] o.h.e.t.j.p.i.JtaPlatformInitiator       : HHH000490: Using JtaPlatform implementation: [org.hibernate.engine.transaction.jta.platform.internal.NoJtaPlatform]
2022-07-14 21:39:11.503  INFO 47338 --- [    Test worker] j.LocalContainerEntityManagerFactoryBean : Initialized JPA EntityManagerFactory for persistence unit 'default'
2022-07-14 21:39:12.156  INFO 47338 --- [    Test worker] o.s.s.web.DefaultSecurityFilterChain     : Will secure any request with [org.springframework.security.web.session.DisableEncodeUrlFilter@a5df98c, org.springframework.security.web.context.request.async.WebAsyncManagerIntegrationFilter@5f1dadf4, org.springframework.security.web.context.SecurityContextPersistenceFilter@7866ffa, org.springframework.security.web.header.HeaderWriterFilter@59301546, org.springframework.security.web.authentication.logout.LogoutFilter@2da8ed80, com.security.security.config.JWTLoginFilter@d15f031, com.security.security.config.JWTCheckFilter@45dfb6a4, org.springframework.security.web.savedrequest.RequestCacheAwareFilter@73502d5e, org.springframework.security.web.servletapi.SecurityContextHolderAwareRequestFilter@77a1df4d, org.springframework.security.web.authentication.AnonymousAuthenticationFilter@202ba60a, org.springframework.security.web.session.SessionManagementFilter@19b4dd60, org.springframework.security.web.access.ExceptionTranslationFilter@15324f25, org.springframework.security.web.access.intercept.AuthorizationFilter@58fadccb]
2022-07-14 21:39:12.367  WARN 47338 --- [    Test worker] JpaBaseConfiguration$JpaWebConfiguration : spring.jpa.open-in-view is enabled by default. Therefore, database queries may be performed during view rendering. Explicitly configure spring.jpa.open-in-view to disable this warning
2022-07-14 21:39:12.522  INFO 47338 --- [    Test worker] o.s.b.a.w.s.WelcomePageHandlerMapping    : Adding welcome page template: index
2022-07-14 21:39:12.864  INFO 47338 --- [    Test worker] o.s.b.t.m.w.SpringBootMockServletContext : Initializing Spring TestDispatcherServlet ''
2022-07-14 21:39:12.864  INFO 47338 --- [    Test worker] o.s.t.web.servlet.TestDispatcherServlet  : Initializing Servlet ''
2022-07-14 21:39:12.865  INFO 47338 --- [    Test worker] o.s.t.web.servlet.TestDispatcherServlet  : Completed initialization in 1 ms
2022-07-14 21:39:12.882  INFO 47338 --- [    Test worker] c.s.security.SecurityApplicationTests    : Started SecurityApplicationTests in 9.468 seconds (JVM running for 10.629)
2022-07-14 21:39:13.136  WARN 47338 --- [    Test worker] .w.s.m.s.DefaultHandlerExceptionResolver : Resolved [org.springframework.web.bind.MethodArgumentNotValidException: Validation failed for argument [0] in public org.springframework.http.ResponseEntity com.security.security.controller.AccountController.register(com.security.security.model.dto.request.RegisterRequestDto) throws javax.xml.bind.ValidationException: [Field error in object 'registerRequestDto' on field 'username': rejected value [테스트당]; codes [Pattern.registerRequestDto.username,Pattern.username,Pattern.java.lang.String,Pattern]; arguments [org.springframework.context.support.DefaultMessageSourceResolvable: codes [registerRequestDto.username,username]; arguments []; default message [username],[Ljavax.validation.constraints.Pattern$Flag;@c32908c,^[a-zA-Z0-9]*$]; default message [아이디는 최소 3자 이상, 영문과 숫자로만 조합해주세요]] ]

MockHttpServletRequest:
      HTTP Method = POST
      Request URI = /account/register
       Parameters = {}
          Headers = [Content-Type:"application/json;charset=UTF-8", Accept:"application/json", Content-Length:"72"]
             Body = {"username":"테스트당","password":"password","password2":"password"}
    Session Attrs = {}

Handler:
             Type = com.security.security.controller.AccountController
           Method = com.security.security.controller.AccountController#register(RegisterRequestDto)

Async:
    Async started = false
     Async result = null

Resolved Exception:
             Type = org.springframework.web.bind.MethodArgumentNotValidException

ModelAndView:
        View name = null
             View = null
            Model = null

FlashMap:
       Attributes = null

MockHttpServletResponse:
           Status = 400
    Error message = null
          Headers = [X-Content-Type-Options:"nosniff", X-XSS-Protection:"1; mode=block", Cache-Control:"no-cache, no-store, max-age=0, must-revalidate", Pragma:"no-cache", Expires:"0", X-Frame-Options:"DENY"]
     Content type = null
             Body = 
    Forwarded URL = null
   Redirected URL = null
          Cookies = []
]]></system-out>
  <system-err><![CDATA[]]></system-err>
</testsuite>
